<?xml version="1.0" encoding="UTF-8"?>
<testsuite xmlns:xsi="http://www.w3.org/2001/XMLSchema-instance" xsi:noNamespaceSchemaLocation="https://maven.apache.org/surefire/maven-surefire-plugin/xsd/surefire-test-report-3.0.xsd" version="3.0" name="runners.TestRunner" time="54.038" tests="1" errors="0" skipped="0" failures="0">
  <properties>
[...]
</properties>
  <testcase name="Add all 3 material variants of an iPhone 16 Pro case to cart" classname="Purchase iPhone 16 Pro Mobile Covers from CaseKaro" time="53.55">
    <system-out><![CDATA[
Scenario: Add all 3 material variants of an iPhone 16 Pro case to cart &amp#27;[90m# features/CaseKaro.feature:9&amp#27;[0m
  &amp#27;[32mGiven &amp#27;[0m&amp#27;[32mI navigate to the CaseKaro website&amp#27;[0m                             &amp#27;[90m# stepdefs.CaseKaroSteps.i_navigate_to_the_casekaro_website()&amp#27;[0m
  &amp#27;[32mWhen &amp#27;[0m&amp#27;[32mI click on &amp#27;[0m&amp#27;[32m&amp#27;[1m"Mobile Covers"&amp#27;[0m&amp#27;[32m category&amp#27;[0m                             &amp#27;[90m# stepdefs.CaseKaroSteps.i_click_on_category(java.lang.String)&amp#27;[0m
  &amp#27;[32mAnd &amp#27;[0m&amp#27;[32mI search for &amp#27;[0m&amp#27;[32m&amp#27;[1m"Apple"&amp#27;[0m&amp#27;[32m using the search button&amp#27;[0m                     &amp#27;[90m# stepdefs.CaseKaroSteps.i_search_for_using_the_search_button(java.lang.String)&amp#27;[0m
  &amp#27;[32mThen &amp#27;[0m&amp#27;[32monly Apple brand products should be visible and no other brands&amp#27;[0m &amp#27;[90m# stepdefs.CaseKaroSteps.only_apple_brand_products_should_be_visible_and_no_other_brands()&amp#27;[0m
  &amp#27;[32mWhen &amp#27;[0m&amp#27;[32mI click on &amp#27;[0m&amp#27;[32m&amp#27;[1m"Apple"&amp#27;[0m&amp#27;[32m brand&amp#27;[0m                                        &amp#27;[90m# stepdefs.CaseKaroSteps.i_click_on_brand(java.lang.String)&amp#27;[0m
  &amp#27;[32mAnd &amp#27;[0m&amp#27;[32mI select model &amp#27;[0m&amp#27;[32m&amp#27;[1m"iPhone 16 Pro"&amp#27;[0m                                   &amp#27;[90m# stepdefs.CaseKaroSteps.i_select_model(java.lang.String)&amp#27;[0m
  &amp#27;[32mAnd &amp#27;[0m&amp#27;[32mI click &amp#27;[0m&amp#27;[32m&amp#27;[1m"Choose Options"&amp#27;[0m&amp#27;[32m for the first item&amp#27;[0m                      &amp#27;[90m# stepdefs.CaseKaroSteps.i_click_for_the_first_item(java.lang.String)&amp#27;[0m
  &amp#27;[32mAnd &amp#27;[0m&amp#27;[32mI add the &amp#27;[0m&amp#27;[32m&amp#27;[1m"Hard"&amp#27;[0m&amp#27;[32m material case to cart&amp#27;[0m                           &amp#27;[90m# stepdefs.CaseKaroSteps.i_add_the_material_case_to_cart(java.lang.String)&amp#27;[0m
  &amp#27;[32mAnd &amp#27;[0m&amp#27;[32mI add the &amp#27;[0m&amp#27;[32m&amp#27;[1m"Soft"&amp#27;[0m&amp#27;[32m material case to cart&amp#27;[0m                           &amp#27;[90m# stepdefs.CaseKaroSteps.i_add_the_material_case_to_cart(java.lang.String)&amp#27;[0m
  &amp#27;[32mAnd &amp#27;[0m&amp#27;[32mI add the &amp#27;[0m&amp#27;[32m&amp#27;[1m"Glass"&amp#27;[0m&amp#27;[32m material case to cart&amp#27;[0m                          &amp#27;[90m# stepdefs.CaseKaroSteps.i_add_the_material_case_to_cart(java.lang.String)&amp#27;[0m
  &amp#27;[32mAnd &amp#27;[0m&amp#27;[32mI open the cart&amp#27;[0m                                                  &amp#27;[90m# stepdefs.CaseKaroSteps.i_open_the_cart()&amp#27;[0m
  &amp#27;[32mThen &amp#27;[0m&amp#27;[32mall 3 material variants should be present in the cart&amp#27;[0m           &amp#27;[90m# stepdefs.CaseKaroSteps.all_3_material_variants_should_be_present_in_the_cart()&amp#27;[0m

========== CART ITEM DETAILS ==========
--- Item 1 ---
  Material / Title : Black Marble Texture iPhone 16 Pro Back Cover
₹ 249.00
Material: Glass
  Price            : ₹ 249.00
  Link             : https://casekaro.com/products/black-marble-texture-iphone-16-pro-back-cover?variant=41757888479350
--- Item 2 ---
  Material / Title : Black Marble Texture iPhone 16 Pro Back Cover
₹ 149.00
Material: Soft
  Price            : ₹ 149.00
  Link             : https://casekaro.com/products/black-marble-texture-iphone-16-pro-back-cover?variant=41700532813942
--- Item 3 ---
  Material / Title : Black Marble Texture iPhone 16 Pro Back Cover
₹ 99.00
Material: Hard
  Price            : ₹ 99.00
  Link             : https://casekaro.com/products/black-marble-texture-iphone-16-pro-back-cover?variant=41700532781174
========================================

  &amp#27;[32mAnd &amp#27;[0m&amp#27;[32mI print the details of all cart items to console&amp#27;[0m                 &amp#27;[90m# stepdefs.CaseKaroSteps.i_print_the_details_of_all_cart_items_to_console()&amp#27;[0m
]]></system-out>
  </testcase>
</testsuite>